<?xml version="1.0" encoding="UTF-8"?>
<coverage generated="1721440521375" clover="3.2.0">
  <project timestamp="1721440521375" name="All files">
    <metrics statements="4" coveredstatements="4" conditionals="0" coveredconditionals="0" methods="0" coveredmethods="0" elements="4" coveredelements="4" complexity="0" loc="4" ncloc="4" packages="1" files="1" classes="1"/>
    <file name="exampleModel.ts" path="/Users/luke-weller/Documents/GitHub/typescript-monogodb-node-api-template/src/models/exampleModel.ts">
      <metrics statements="4" coveredstatements="4" conditionals="0" coveredconditionals="0" methods="0" coveredmethods="0"/>
      <line num="1" count="1" type="stmt"/>
      <line num="9" count="1" type="stmt"/>
      <line num="15" count="1" type="stmt"/>
      <line num="17" count="1" type="stmt"/>
    </file>
  </project>
</coverage>
