{"/Users/luke-weller/Documents/GitHub/typescript-monogodb-node-api-template/src/models/exampleModel.ts": {"path":"/Users/luke-weller/Documents/GitHub/typescript-monogodb-node-api-template/src/models/exampleModel.ts","statementMap":{"0":{"start":{"line":1,"column":0},"end":{"line":1,"column":51}},"1":{"start":{"line":9,"column":22},"end":{"line":13,"column":2}},"2":{"start":{"line":15,"column":21},"end":{"line":15,"column":62}},"3":{"start":{"line":17,"column":9},"end":{"line":17,"column":21}}},"fnMap":{},"branchMap":{},"s":{"0":1,"1":1,"2":1,"3":1},"f":{},"b":{}}
}
